# JRE version: OpenJDK Runtime Environment (17.0.6) (build 17.0.6+0-17.0.6b829.9-10027231)
# Java VM: OpenJDK 64-Bit Server VM (17.0.6+0-17.0.6b829.9-10027231, mixed mode, tiered, compressed oops, compressed class ptrs, g1 gc, linux-amd64)
GC Precious Log:
 CPUs: 4 total, 4 available
 Memory: 11843M
 Large Page Support: Disabled
 NUMA Support: Disabled
 Compressed Oops: Enabled (Zero based)
 Heap Region Size: 2M
 Heap Min Capacity: 8M
 Heap Initial Capacity: 186M
 Heap Max Capacity: 2962M
 Pre-touch: Disabled
 Parallel Workers: 4
 Concurrent Workers: 1
 Concurrent Refinement Workers: 4
 Periodic GC: Disabled
Heap:
 garbage-first heap   total 139264K, used 66832K [0x0000000746e00000, 0x0000000800000000)
  region size 2048K, 19 young (38912K), 1 survivors (2048K)
 Metaspace       used 51810K, committed 52032K, reserved 1097728K
  class space    used 6299K, committed 6400K, reserved 1048576K
GC Heap History (20 events):
Event: 3.528 GC heap before
{Heap before GC invocations=4 (full 0):
 garbage-first heap   total 49152K, used 34997K [0x0000000746e00000, 0x0000000800000000)
  region size 2048K, 13 young (26624K), 2 survivors (4096K)
 Metaspace       used 28247K, committed 28480K, reserved 1081344K
  class space    used 3120K, committed 3200K, reserved 1048576K
}
Event: 3.541 GC heap after
{Heap after GC invocations=5 (full 0):
 garbage-first heap   total 49152K, used 16707K [0x0000000746e00000, 0x0000000800000000)
  region size 2048K, 2 young (4096K), 2 survivors (4096K)
 Metaspace       used 28247K, committed 28480K, reserved 1081344K
  class space    used 3120K, committed 3200K, reserved 1048576K
}
Event: 3.589 GC heap before
{Heap before GC invocations=5 (full 0):
 garbage-first heap   total 49152K, used 18755K [0x0000000746e00000, 0x0000000800000000)
  region size 2048K, 3 young (6144K), 2 survivors (4096K)
 Metaspace       used 28841K, committed 28992K, reserved 1081344K
  class space    used 3202K, committed 3264K, reserved 1048576K
}
Event: 3.594 GC heap after
{Heap after GC invocations=6 (full 0):
 garbage-first heap   total 49152K, used 17109K [0x0000000746e00000, 0x0000000800000000)
  region size 2048K, 1 young (2048K), 1 survivors (2048K)
 Metaspace       used 28841K, committed 28992K, reserved 1081344K
  class space    used 3202K, committed 3264K, reserved 1048576K
}
Event: 3.851 GC heap before
{Heap before GC invocations=6 (full 0):
 garbage-first heap   total 49152K, used 31445K [0x0000000746e00000, 0x0000000800000000)
  region size 2048K, 8 young (16384K), 1 survivors (2048K)
 Metaspace       used 32191K, committed 32448K, reserved 1081344K
  class space    used 3929K, committed 4032K, reserved 1048576K
}
Event: 3.856 GC heap after
{Heap after GC invocations=7 (full 0):
 garbage-first heap   total 49152K, used 19186K [0x0000000746e00000, 0x0000000800000000)
  region size 2048K, 1 young (2048K), 1 survivors (2048K)
 Metaspace       used 32191K, committed 32448K, reserved 1081344K
  class space    used 3929K, committed 4032K, reserved 1048576K
}
Event: 4.069 GC heap before
{Heap before GC invocations=7 (full 0):
 garbage-first heap   total 49152K, used 35570K [0x0000000746e00000, 0x0000000800000000)
  region size 2048K, 8 young (16384K), 1 survivors (2048K)
 Metaspace       used 34149K, committed 34432K, reserved 1081344K
  class space    used 4373K, committed 4480K, reserved 1048576K
}
Event: 4.079 GC heap after
{Heap after GC invocations=8 (full 0):
 garbage-first heap   total 69632K, used 24132K [0x0000000746e00000, 0x0000000800000000)
  region size 2048K, 1 young (2048K), 1 survivors (2048K)
 Metaspace       used 34149K, committed 34432K, reserved 1081344K
  class space    used 4373K, committed 4480K, reserved 1048576K
}
Event: 4.225 GC heap before
{Heap before GC invocations=8 (full 0):
 garbage-first heap   total 69632K, used 30276K [0x0000000746e00000, 0x0000000800000000)
  region size 2048K, 5 young (10240K), 1 survivors (2048K)
 Metaspace       used 36212K, committed 36416K, reserved 1081344K
  class space    used 4594K, committed 4672K, reserved 1048576K
}
Event: 4.232 GC heap after
{Heap after GC invocations=9 (full 0):
 garbage-first heap   total 69632K, used 25230K [0x0000000746e00000, 0x0000000800000000)
  region size 2048K, 2 young (4096K), 2 survivors (4096K)
 Metaspace       used 36212K, committed 36416K, reserved 1081344K
  class space    used 4594K, committed 4672K, reserved 1048576K
}
Event: 4.651 GC heap before
{Heap before GC invocations=10 (full 0):
 garbage-first heap   total 69632K, used 47758K [0x0000000746e00000, 0x0000000800000000)
  region size 2048K, 13 young (26624K), 2 survivors (4096K)
 Metaspace       used 40168K, committed 40448K, reserved 1089536K
  class space    used 5036K, committed 5184K, reserved 1048576K
}
Event: 4.699 GC heap after
{Heap after GC invocations=11 (full 0):
 garbage-first heap   total 69632K, used 25986K [0x0000000746e00000, 0x0000000800000000)
  region size 2048K, 2 young (4096K), 2 survivors (4096K)
 Metaspace       used 40168K, committed 40448K, reserved 1089536K
  class space    used 5036K, committed 5184K, reserved 1048576K
}
Event: 4.745 GC heap before
{Heap before GC invocations=11 (full 0):
 garbage-first heap   total 69632K, used 25986K [0x0000000746e00000, 0x0000000800000000)
  region size 2048K, 3 young (6144K), 2 survivors (4096K)
 Metaspace       used 40558K, committed 40768K, reserved 1089536K
  class space    used 5072K, committed 5184K, reserved 1048576K
}
Event: 4.756 GC heap after
{Heap after GC invocations=12 (full 0):
 garbage-first heap   total 69632K, used 26193K [0x0000000746e00000, 0x0000000800000000)
  region size 2048K, 1 young (2048K), 1 survivors (2048K)
 Metaspace       used 40558K, committed 40768K, reserved 1089536K
  class space    used 5072K, committed 5184K, reserved 1048576K
}
Event: 5.162 GC heap before
{Heap before GC invocations=12 (full 0):
 garbage-first heap   total 69632K, used 44625K [0x0000000746e00000, 0x0000000800000000)
  region size 2048K, 11 young (22528K), 1 survivors (2048K)
 Metaspace       used 45064K, committed 45312K, reserved 1089536K
  class space    used 5500K, committed 5632K, reserved 1048576K
}
Event: 5.168 GC heap after
{Heap after GC invocations=13 (full 0):
 garbage-first heap   total 69632K, used 27564K [0x0000000746e00000, 0x0000000800000000)
  region size 2048K, 1 young (2048K), 1 survivors (2048K)
 Metaspace       used 45064K, committed 45312K, reserved 1089536K
  class space    used 5500K, committed 5632K, reserved 1048576K
}
Event: 5.717 GC heap before
{Heap before GC invocations=14 (full 0):
 garbage-first heap   total 69632K, used 52140K [0x0000000746e00000, 0x0000000800000000)
  region size 2048K, 12 young (24576K), 1 survivors (2048K)
 Metaspace       used 50427K, committed 50688K, reserved 1097728K
  class space    used 6148K, committed 6272K, reserved 1048576K
}
Event: 5.726 GC heap after
{Heap after GC invocations=15 (full 0):
 garbage-first heap   total 69632K, used 31768K [0x0000000746e00000, 0x0000000800000000)
  region size 2048K, 2 young (4096K), 2 survivors (4096K)
 Metaspace       used 50427K, committed 50688K, reserved 1097728K
  class space    used 6148K, committed 6272K, reserved 1048576K
}
Event: 5.770 GC heap before
{Heap before GC invocations=15 (full 0):
 garbage-first heap   total 69632K, used 33816K [0x0000000746e00000, 0x0000000800000000)
  region size 2048K, 3 young (6144K), 2 survivors (4096K)
 Metaspace       used 50848K, committed 51136K, reserved 1097728K
  class space    used 6209K, committed 6336K, reserved 1048576K
}
Event: 5.783 GC heap after
{Heap after GC invocations=16 (full 0):
 garbage-first heap   total 139264K, used 32016K [0x0000000746e00000, 0x0000000800000000)
  region size 2048K, 1 young (2048K), 1 survivors (2048K)
 Metaspace       used 50848K, committed 51136K, reserved 1097728K
  class space    used 6209K, committed 6336K, reserved 1048576K
}

